<?xml version="1.0" encoding="UTF-8"?>
<coverage generated="1779381141764" clover="3.2.0">
  <project timestamp="1779381141764" name="All files">
    <metrics statements="18" coveredstatements="18" conditionals="16" coveredconditionals="14" methods="5" coveredmethods="5" elements="39" coveredelements="37" complexity="0" loc="18" ncloc="18" packages="2" files="2" classes="2"/>
    <package name="components">
      <metrics statements="15" coveredstatements="15" conditionals="12" coveredconditionals="10" methods="4" coveredmethods="4"/>
      <file name="SearchBar.tsx" path="D:\Yuvraj\React-Testing-Domination\react-testing-course-1-starter\src\components\SearchBar.tsx">
        <metrics statements="15" coveredstatements="15" conditionals="12" coveredconditionals="10" methods="4" coveredmethods="4"/>
        <line num="9" count="26" type="stmt"/>
        <line num="10" count="26" type="stmt"/>
        <line num="12" count="26" type="stmt"/>
        <line num="13" count="2" type="stmt"/>
        <line num="14" count="2" type="cond" truecount="2" falsecount="0"/>
        <line num="15" count="1" type="stmt"/>
        <line num="16" count="1" type="stmt"/>
        <line num="18" count="1" type="stmt"/>
        <line num="19" count="1" type="stmt"/>
        <line num="22" count="26" type="stmt"/>
        <line num="23" count="18" type="stmt"/>
        <line num="24" count="18" type="cond" truecount="1" falsecount="1"/>
        <line num="27" count="26" type="stmt"/>
        <line num="54" count="1" type="stmt"/>
        <line num="55" count="1" type="stmt"/>
      </file>
    </package>
    <package name="utils">
      <metrics statements="3" coveredstatements="3" conditionals="4" coveredconditionals="4" methods="1" coveredmethods="1"/>
      <file name="formatNumber.ts" path="D:\Yuvraj\React-Testing-Domination\react-testing-course-1-starter\src\utils\formatNumber.ts">
        <metrics statements="3" coveredstatements="3" conditionals="4" coveredconditionals="4" methods="1" coveredmethods="1"/>
        <line num="2" count="4" type="cond" truecount="2" falsecount="0"/>
        <line num="3" count="3" type="cond" truecount="2" falsecount="0"/>
        <line num="4" count="1" type="stmt"/>
      </file>
    </package>
  </project>
</coverage>
