{"D:\\Yuvraj\\React-Testing-Domination\\react-testing-course-1-starter\\src\\components\\SearchBar.tsx": {"path":"D:\\Yuvraj\\React-Testing-Domination\\react-testing-course-1-starter\\src\\components\\SearchBar.tsx","statementMap":{"0":{"start":{"line":9,"column":16},"end":{"line":9,"column":40}},"1":{"start":{"line":10,"column":26},"end":{"line":10,"column":60}},"2":{"start":{"line":12,"column":8},"end":{"line":19,"column":null}},"3":{"start":{"line":13,"column":4},"end":{"line":13,"column":null}},"4":{"start":{"line":14,"column":4},"end":{"line":16,"column":null}},"5":{"start":{"line":15,"column":6},"end":{"line":15,"column":null}},"6":{"start":{"line":16,"column":6},"end":{"line":16,"column":null}},"7":{"start":{"line":18,"column":4},"end":{"line":18,"column":null}},"8":{"start":{"line":19,"column":4},"end":{"line":19,"column":null}},"9":{"start":{"line":22,"column":8},"end":{"line":24,"column":null}},"10":{"start":{"line":23,"column":4},"end":{"line":23,"column":null}},"11":{"start":{"line":24,"column":4},"end":{"line":24,"column":null}},"12":{"start":{"line":24,"column":25},"end":{"line":24,"column":null}},"13":{"start":{"line":27,"column":2},"end":{"line":75,"column":null}},"14":{"start":{"line":54,"column":14},"end":{"line":54,"column":null}},"15":{"start":{"line":55,"column":14},"end":{"line":55,"column":null}}},"fnMap":{"0":{"name":"SearchBar","decl":{"start":{"line":8,"column":24},"end":{"line":8,"column":34}},"loc":{"start":{"line":8,"column":64},"end":{"line":75,"column":null}},"line":8},"1":{"name":"(anonymous_1)","decl":{"start":{"line":12,"column":8},"end":{"line":12,"column":24}},"loc":{"start":{"line":12,"column":47},"end":{"line":19,"column":null}},"line":12},"2":{"name":"(anonymous_2)","decl":{"start":{"line":22,"column":8},"end":{"line":22,"column":24}},"loc":{"start":{"line":22,"column":67},"end":{"line":24,"column":null}},"line":22},"3":{"name":"(anonymous_3)","decl":{"start":{"line":53,"column":12},"end":{"line":53,"column":27}},"loc":{"start":{"line":53,"column":27},"end":{"line":55,"column":null}},"line":53}},"branchMap":{"0":{"loc":{"start":{"line":14,"column":4},"end":{"line":16,"column":null}},"type":"if","locations":[{"start":{"line":14,"column":4},"end":{"line":16,"column":null}},{"start":{},"end":{}}],"line":14},"1":{"loc":{"start":{"line":24,"column":4},"end":{"line":24,"column":null}},"type":"if","locations":[{"start":{"line":24,"column":4},"end":{"line":24,"column":null}},{"start":{},"end":{}}],"line":24},"2":{"loc":{"start":{"line":46,"column":37},"end":{"line":46,"column":null}},"type":"cond-expr","locations":[{"start":{"line":46,"column":55},"end":{"line":46,"column":71}},{"start":{"line":46,"column":71},"end":{"line":46,"column":null}}],"line":46},"3":{"loc":{"start":{"line":49,"column":9},"end":{"line":60,"column":null}},"type":"binary-expr","locations":[{"start":{"line":49,"column":9},"end":{"line":49,"column":null}},{"start":{"line":50,"column":10},"end":{"line":60,"column":null}}],"line":49},"4":{"loc":{"start":{"line":62,"column":9},"end":{"line":65,"column":null}},"type":"binary-expr","locations":[{"start":{"line":62,"column":9},"end":{"line":62,"column":null}},{"start":{"line":63,"column":10},"end":{"line":65,"column":null}}],"line":62},"5":{"loc":{"start":{"line":74,"column":9},"end":{"line":74,"column":null}},"type":"cond-expr","locations":[{"start":{"line":74,"column":19},"end":{"line":74,"column":null}},{"start":{"line":74,"column":50},"end":{"line":74,"column":null}}],"line":74}},"s":{"0":26,"1":26,"2":26,"3":2,"4":2,"5":1,"6":1,"7":1,"8":1,"9":26,"10":18,"11":18,"12":0,"13":26,"14":1,"15":1},"f":{"0":26,"1":2,"2":18,"3":1},"b":{"0":[1,1],"1":[0,18],"2":[1,25],"3":[26,19],"4":[26,1],"5":[0,26]},"meta":{"lastBranch":6,"lastFunction":4,"lastStatement":16,"seen":{"f:8:24:8:34":0,"s:9:16:9:40":0,"s:10:26:10:60":1,"s:12:8:19:Infinity":2,"f:12:8:12:24":1,"s:13:4:13:Infinity":3,"b:14:4:16:Infinity:undefined:undefined:undefined:undefined":0,"s:14:4:16:Infinity":4,"s:15:6:15:Infinity":5,"s:16:6:16:Infinity":6,"s:18:4:18:Infinity":7,"s:19:4:19:Infinity":8,"s:22:8:24:Infinity":9,"f:22:8:22:24":2,"s:23:4:23:Infinity":10,"b:24:4:24:Infinity:undefined:undefined:undefined:undefined":1,"s:24:4:24:Infinity":11,"s:24:25:24:Infinity":12,"s:27:2:75:Infinity":13,"b:46:55:46:71:46:71:46:Infinity":2,"b:49:9:49:Infinity:50:10:60:Infinity":3,"f:53:12:53:27":3,"s:54:14:54:Infinity":14,"s:55:14:55:Infinity":15,"b:62:9:62:Infinity:63:10:65:Infinity":4,"b:74:19:74:Infinity:74:50:74:Infinity":5}}}
,"D:\\Yuvraj\\React-Testing-Domination\\react-testing-course-1-starter\\src\\utils\\formatNumber.ts": {"path":"D:\\Yuvraj\\React-Testing-Domination\\react-testing-course-1-starter\\src\\utils\\formatNumber.ts","statementMap":{"0":{"start":{"line":2,"column":2},"end":{"line":2,"column":null}},"1":{"start":{"line":2,"column":24},"end":{"line":2,"column":null}},"2":{"start":{"line":3,"column":2},"end":{"line":3,"column":null}},"3":{"start":{"line":3,"column":20},"end":{"line":3,"column":null}},"4":{"start":{"line":4,"column":2},"end":{"line":4,"column":null}}},"fnMap":{"0":{"name":"formatNumber","decl":{"start":{"line":1,"column":16},"end":{"line":1,"column":29}},"loc":{"start":{"line":1,"column":50},"end":{"line":4,"column":null}},"line":1}},"branchMap":{"0":{"loc":{"start":{"line":2,"column":2},"end":{"line":2,"column":null}},"type":"if","locations":[{"start":{"line":2,"column":2},"end":{"line":2,"column":null}},{"start":{},"end":{}}],"line":2},"1":{"loc":{"start":{"line":3,"column":2},"end":{"line":3,"column":null}},"type":"if","locations":[{"start":{"line":3,"column":2},"end":{"line":3,"column":null}},{"start":{},"end":{}}],"line":3}},"s":{"0":4,"1":1,"2":3,"3":3,"4":1},"f":{"0":4},"b":{"0":[1,3],"1":[2,1]},"meta":{"lastBranch":2,"lastFunction":1,"lastStatement":5,"seen":{"f:1:16:1:29":0,"b:2:2:2:Infinity:undefined:undefined:undefined:undefined":0,"s:2:2:2:Infinity":0,"s:2:24:2:Infinity":1,"b:3:2:3:Infinity:undefined:undefined:undefined:undefined":1,"s:3:2:3:Infinity":2,"s:3:20:3:Infinity":3,"s:4:2:4:Infinity":4}}}
}
